<?xml version="1.0" encoding="UTF-8"?>
<!-- Generated by org.testng.reporters.JUnitXMLReporter -->
<testsuite hostname="vasu-PC" name="Test" tests="4" failures="0" timestamp="8 Jan 2019 01:54:02 GMT" time="0.07" errors="0">
  <testcase name="method1" time="0.013" classname="com.vasu.testng.AnnotationsTest"/>
  <testcase name="method2" time="0.006" classname="com.vasu.testng.AnnotationsTest"/>
  <testcase name="method3" time="0.001" classname="com.vasu.testng.AnnotationTest1"/>
  <testcase name="method4" time="0.001" classname="com.vasu.testng.AnnotationTest1"/>
</testsuite> <!-- Test -->
