<?xml version="1.0" encoding="UTF-8"?>
<testng-results skipped="0" failed="0" total="3" passed="3">
  <reporter-output>
  </reporter-output>
  <suite name="Default suite" duration-ms="74" started-at="2019-01-09T02:26:46Z" finished-at="2019-01-09T02:26:46Z">
    <groups>
    </groups>
    <test name="Default test" duration-ms="74" started-at="2019-01-09T02:26:46Z" finished-at="2019-01-09T02:26:46Z">
      <class name="com.vasu.testng.DataProviderTest">
        <test-method status="PASS" signature="test(java.lang.String, java.lang.String, java.lang.String)[pri:0, instance:com.vasu.testng.DataProviderTest@3a82f6ef]" name="test" duration-ms="18" started-at="2019-01-09T07:56:46Z" data-provider="testdata" finished-at="2019-01-09T07:56:46Z">
          <params>
            <param index="0">
              <value>
                <![CDATA[Sel]]>
              </value>
            </param>
            <param index="1">
              <value>
                <![CDATA[Sel1]]>
              </value>
            </param>
            <param index="2">
              <value>
                <![CDATA[sel2]]>
              </value>
            </param>
          </params>
          <reporter-output>
          </reporter-output>
        </test-method> <!-- test -->
        <test-method status="PASS" signature="test(java.lang.String, java.lang.String, java.lang.String)[pri:0, instance:com.vasu.testng.DataProviderTest@3a82f6ef]" name="test" duration-ms="2" started-at="2019-01-09T07:56:46Z" data-provider="testdata" finished-at="2019-01-09T07:56:46Z">
          <params>
            <param index="0">
              <value>
                <![CDATA[vasu]]>
              </value>
            </param>
            <param index="1">
              <value>
                <![CDATA[vasu1]]>
              </value>
            </param>
            <param index="2">
              <value>
                <![CDATA[vasu2]]>
              </value>
            </param>
          </params>
          <reporter-output>
          </reporter-output>
        </test-method> <!-- test -->
        <test-method status="PASS" signature="test(java.lang.String, java.lang.String, java.lang.String)[pri:0, instance:com.vasu.testng.DataProviderTest@3a82f6ef]" name="test" duration-ms="2" started-at="2019-01-09T07:56:46Z" data-provider="testdata" finished-at="2019-01-09T07:56:46Z">
          <params>
            <param index="0">
              <value>
                <![CDATA[vamsi]]>
              </value>
            </param>
            <param index="1">
              <value>
                <![CDATA[vasmi1]]>
              </value>
            </param>
            <param index="2">
              <value>
                <![CDATA[vamsi2]]>
              </value>
            </param>
          </params>
          <reporter-output>
          </reporter-output>
        </test-method> <!-- test -->
      </class> <!-- com.vasu.testng.DataProviderTest -->
    </test> <!-- Default test -->
  </suite> <!-- Default suite -->
</testng-results>
